<?xml version="1.0" encoding="UTF-8"?>
<!-- Generated by org.testng.reporters.JUnitReportReporter -->
<testsuite skipped="0" hostname="DESKTOP-EBV6RAM" name="org.andestech.learning.rfb19.g3.FirefoxAppTest" tests="1" failures="0" timestamp="27 фев 2019 18:55:36 GMT" time="4.803" errors="0">
  <testcase name="testCaseFirefox01" time="4.803" classname="org.andestech.learning.rfb19.g3.FirefoxAppTest"/>
</testsuite> <!-- org.andestech.learning.rfb19.g3.FirefoxAppTest -->
