<?xml version="1.0" encoding="UTF-8"?>
<!-- Generated by org.testng.reporters.JUnitReportReporter -->
<testsuite skipped="0" hostname="DESKTOP-EBV6RAM" name="org.andestech.learning.rfb19.g3.ChromeAppTest" tests="1" failures="0" timestamp="27 фев 2019 18:55:36 GMT" time="4.665" errors="0">
  <testcase name="testCaseChrome01" time="4.665" classname="org.andestech.learning.rfb19.g3.ChromeAppTest"/>
</testsuite> <!-- org.andestech.learning.rfb19.g3.ChromeAppTest -->
